2026-06-24T23:41:46.720 INFO:root:teuthology version: 1.3.1.dev29+gaaa2c6811
2026-06-24T23:41:46.721 INFO:teuthology.results:seed: '8367'
2026-06-26T07:16:06.049 INFO:root:teuthology version: 1.3.1.dev29+gaaa2c6811
2026-06-26T07:16:06.057 INFO:teuthology.results:Waiting up to 43200 seconds for tests to finish...
2026-06-26T08:30:10.915 INFO:teuthology.results:Tests finished! gathering results...
2026-06-26T08:30:15.523 INFO:scrape:Found 176 jobs
2026-06-26T08:30:19.149 INFO:scrape:Found 5 distinct failure reasons
2026-06-26T08:30:19.149 INFO:scrape:Failure: Command failed on trial023 with status 1: 'sudo /home/ubuntu/cephtest/cephadm --image quay.ceph.io/ceph-ci/ceph:8344bcc32c2a9254d8010063fbb7f728d5c437fd pull'
2026-06-26T08:30:19.149 INFO:scrape:12 jobs: ['306233', '306342', '306297', '306325', '306355', '306276', '306263', '306248', '306218', '306312', '306370', '306291']
2026-06-26T08:30:19.149 INFO:scrape:suites intersection: ['clusters/crimson-fixed-2', 'crimson-rados/basic/{0-crimson_install', 'crimson-supported-all-distro/rocky_10', 'crimson_qa_overrides', 'deploy/cephadm']
2026-06-26T08:30:19.150 INFO:scrape:suites union: ['clusters/crimson-fixed-2', 'crimson-rados/basic/{0-crimson_install', 'crimson-supported-all-distro/rocky_10', 'crimson_qa_overrides', 'deploy/cephadm', 'objectstore/crimson_bluestore', 'objectstore/seastore/rbm$/{crimson_seastore_rbm_2q}', 'objectstore/seastore/rbm$/{crimson_seastore_rbm}', 'objectstore/seastore/segmented$/{crimson_seastore_segmented_2q}', 'objectstore/seastore/segmented$/{crimson_seastore_segmented}', 'tasks/cls}', 'tasks/rados_api_tests}', 'tasks/rados_python}', 'tasks/readwrite}']
2026-06-26T08:30:19.150 INFO:scrape:
2026-06-26T08:30:19.150 INFO:scrape:Failure: Command failed (workunit test rados/test_pg_merging.sh) on trial158 with status 1: 'mkdir -p -- /home/ubuntu/cephtest/mnt.0/client.0/tmp && cd -- /home/ubuntu/cephtest/mnt.0/client.0/tmp && CEPH_CLI_TEST_DUP_COMMAND=1 CEPH_REF=2866fcf20c7f6b51c9f1be2f9095ef6041063186 TESTDIR="/home/ubuntu/cephtest" CEPH_ARGS="--cluster ceph" CEPH_ID="0" PATH=$PATH:/usr/sbin CEPH_BASE=/home/ubuntu/cephtest/clone.client.0 CEPH_ROOT=/home/ubuntu/cephtest/clone.client.0 CEPH_MNT=/home/ubuntu/cephtest/mnt.0 CRIMSON_COMPAT=1 adjust-ulimits ceph-coverage /home/ubuntu/cephtest/archive/coverage timeout 3h /home/ubuntu/cephtest/clone.client.0/qa/workunits/rados/test_pg_merging.sh'
2026-06-26T08:30:19.150 INFO:scrape:3 jobs: ['306235', '306293', '306351']
2026-06-26T08:30:19.150 INFO:scrape:suites intersection: ['all/osd-pg-merging', 'crimson-rados/singleton/{0-crimson_install', 'crimson-supported-all-distro/rocky_10', 'crimson_qa_overrides', 'rados}']
2026-06-26T08:30:19.150 INFO:scrape:suites union: ['all/osd-pg-merging', 'crimson-rados/singleton/{0-crimson_install', 'crimson-supported-all-distro/rocky_10', 'crimson_qa_overrides', 'objectstore/crimson_bluestore', 'objectstore/seastore/rbm$/{crimson_seastore_rbm_2q}', 'objectstore/seastore/segmented$/{crimson_seastore_segmented}', 'rados}']
2026-06-26T08:30:19.150 INFO:scrape:
2026-06-26T08:30:19.150 INFO:scrape:Failure: Command failed (workunit test rados/test.sh) on trial144 with status 1: 'mkdir -p -- /home/ubuntu/cephtest/mnt.0/client.0/tmp && cd -- /home/ubuntu/cephtest/mnt.0/client.0/tmp && CEPH_CLI_TEST_DUP_COMMAND=1 CEPH_REF=2866fcf20c7f6b51c9f1be2f9095ef6041063186 TESTDIR="/home/ubuntu/cephtest" CEPH_ARGS="--cluster ceph" CEPH_ID="0" PATH=$PATH:/usr/sbin CEPH_BASE=/home/ubuntu/cephtest/clone.client.0 CEPH_ROOT=/home/ubuntu/cephtest/clone.client.0 CEPH_MNT=/home/ubuntu/cephtest/mnt.0 CRIMSON_COMPAT=1 adjust-ulimits ceph-coverage /home/ubuntu/cephtest/archive/coverage timeout 3h /home/ubuntu/cephtest/clone.client.0/qa/workunits/rados/test.sh --crimson'
2026-06-26T08:30:19.150 INFO:scrape:3 jobs: ['306364', '306306', '306334']
2026-06-26T08:30:19.150 INFO:scrape:suites intersection: ['clusters/crimson-fixed-2', 'crimson-rados/basic/{0-crimson_install', 'crimson-supported-all-distro/rocky_10', 'crimson_qa_overrides', 'deploy/ceph', 'tasks/rados_api_tests}']
2026-06-26T08:30:19.150 INFO:scrape:suites union: ['clusters/crimson-fixed-2', 'crimson-rados/basic/{0-crimson_install', 'crimson-supported-all-distro/rocky_10', 'crimson_qa_overrides', 'deploy/ceph', 'objectstore/crimson_bluestore', 'objectstore/seastore/rbm$/{crimson_seastore_rbm_2q}', 'objectstore/seastore/segmented$/{crimson_seastore_segmented}', 'tasks/rados_api_tests}']
2026-06-26T08:30:19.150 INFO:scrape:
2026-06-26T08:30:19.150 INFO:scrape:Failure: The WatchDog barked due to Thrasher OSDThrasher threw exception wait_for_recovery: failed before timeout expired
2026-06-26T08:30:19.150 INFO:scrape:5 jobs: ['306369', '306251', '306338', '306315', '306282']
2026-06-26T08:30:19.150 INFO:scrape:suites intersection: ['0-size-min-size-overrides/3-size-2-min-size', '2-recovery-overrides/{default}', 'clusters/{crimson-fixed-2}', 'crimson-rados/thrash/{0-crimson_install', 'crimson-supported-all-distro/rocky_10', 'crimson_qa_overrides', 'deploy/ceph', 'objectstore/crimson_bluestore', 'thrashosds-health']
2026-06-26T08:30:19.150 INFO:scrape:suites union: ['0-size-min-size-overrides/3-size-2-min-size', '1-pg-log-overrides/normal_pg_log', '1-pg-log-overrides/short_pg_log', '2-recovery-overrides/{default}', '3-osd-memory-limit/{osd-memory-16GB}', '3-osd-memory-limit/{osd-memory-32GB}', '3-osd-memory-limit/{osd-memory-default}', 'clusters/{crimson-fixed-2}', 'crimson-rados/thrash/{0-crimson_install', 'crimson-supported-all-distro/rocky_10', 'crimson_qa_overrides', 'deploy/ceph', 'objectstore/crimson_bluestore', 'thrashers/{default}', 'thrashers/{pggrow}', 'thrashosds-health', 'workloads/small-objects-balanced}', 'workloads/small-objects-localized}', 'workloads/small-objects}']
2026-06-26T08:30:19.150 INFO:scrape:
2026-06-26T08:30:19.150 INFO:scrape:Failure: Command failed (workunit test rbd/test_librbd.sh) on trial018 with status 1: 'mkdir -p -- /home/ubuntu/cephtest/mnt.0/client.0/tmp && cd -- /home/ubuntu/cephtest/mnt.0/client.0/tmp && CEPH_CLI_TEST_DUP_COMMAND=1 CEPH_REF=2866fcf20c7f6b51c9f1be2f9095ef6041063186 TESTDIR="/home/ubuntu/cephtest" CEPH_ARGS="--cluster ceph" CEPH_ID="0" PATH=$PATH:/usr/sbin CEPH_BASE=/home/ubuntu/cephtest/clone.client.0 CEPH_ROOT=/home/ubuntu/cephtest/clone.client.0 CEPH_MNT=/home/ubuntu/cephtest/mnt.0 RBD_FEATURES=61 CRIMSON_COMPAT=1 adjust-ulimits ceph-coverage /home/ubuntu/cephtest/archive/coverage timeout 3h /home/ubuntu/cephtest/clone.client.0/qa/workunits/rbd/test_librbd.sh'
2026-06-26T08:30:19.150 INFO:scrape:1 jobs: ['306270']
2026-06-26T08:30:19.150 INFO:scrape:suites: ['clusters/crimson-fixed-1', 'crimson-rados/rbd/{0-crimson_install', 'crimson-supported-all-distro/rocky_10', 'crimson_qa_overrides', 'deploy/ceph', 'objectstore/seastore/segmented$/{crimson_seastore_segmented_2q}', 'tasks/rbd_api_tests}']
2026-06-26T08:30:19.150 INFO:scrape:
